2025-03-15 17:08:14,732 - INFO - Running daily data collection
2025-03-15 17:08:14,732 - INFO - Attempting to collect score for 2025-03-15 (Puzzle #644) from https://www.nytimes.com/2025/03/15/crosswords/connections-companion-644.html
2025-03-15 17:08:14,732 - INFO - Requesting URL: https://www.nytimes.com/2025/03/15/crosswords/connections-companion-644.html
2025-03-15 17:08:14,782 - INFO - Found difficulty in strong tag: Today’s difficulty is 3.3 out of 5.
2025-03-15 17:08:14,798 - INFO - Saved score for 2025-03-15 (Puzzle #644) to /home/runner/work/connections_difficulty_scraper/connections_difficulty_scraper/data/connections_difficulty_daily.csv
2025-03-15 17:08:14,799 - INFO - Updated latest JSON file with data for 2025-03-15
2025-03-15 17:08:14,799 - WARNING - History file /home/runner/work/connections_difficulty_scraper/connections_difficulty_scraper/data/connections_difficulty_history.csv does not exist, cannot update JSON history
2025-03-15 17:08:14,799 - INFO - Saved score for 2025-03-15 (Puzzle #644) to /home/runner/work/connections_difficulty_scraper/connections_difficulty_scraper/data/connections_difficulty_history.csv
2025-03-15 17:08:14,799 - INFO - Updated history JSON file with 1 puzzles
2025-03-15 17:08:14,799 - INFO - Successfully collected score for 2025-03-15: 3.3/5
2025-03-16 06:19:29,208 - INFO - Running daily data collection
2025-03-16 06:19:29,209 - INFO - Attempting to collect score for 2025-03-16 (Puzzle #645) from https://www.nytimes.com/2025/03/16/crosswords/connections-companion-645.html
2025-03-16 06:19:29,209 - INFO - Requesting URL: https://www.nytimes.com/2025/03/16/crosswords/connections-companion-645.html
2025-03-16 06:19:29,316 - ERROR - Error scraping https://www.nytimes.com/2025/03/16/crosswords/connections-companion-645.html: 403 Client Error: Forbidden for url: https://www.nytimes.com/2025/03/16/crosswords/connections-companion-645.html
2025-03-16 06:19:29,316 - ERROR - Failed to collect score for 2025-03-16
2025-03-16 11:21:31,713 - INFO - Running daily data collection
2025-03-16 11:21:31,714 - INFO - Attempting to collect score for 2025-03-16 (Puzzle #645) from https://www.nytimes.com/2025/03/16/crosswords/connections-companion-645.html
2025-03-16 11:21:31,714 - INFO - Requesting URL: https://www.nytimes.com/2025/03/16/crosswords/connections-companion-645.html
2025-03-16 11:21:31,817 - INFO - Found difficulty in strong tag: Today’s difficulty is 2 out of 5.
2025-03-16 11:21:31,877 - INFO - Saved score for 2025-03-16 (Puzzle #645) to /home/runner/work/connections_difficulty_scraper/connections_difficulty_scraper/data/connections_difficulty_daily.csv
2025-03-16 11:21:31,877 - INFO - Updated latest JSON file with data for 2025-03-16
2025-03-16 11:21:31,881 - ERROR - Could not parse date '' in any known format. Skipping row.
2025-03-16 11:21:31,881 - ERROR - Could not parse date '' in any known format. Skipping row.
2025-03-16 11:21:31,883 - INFO - Updated history JSON file with 194 puzzles
2025-03-16 11:21:31,885 - INFO - Saved score for 2025-03-16 (Puzzle #645) to /home/runner/work/connections_difficulty_scraper/connections_difficulty_scraper/data/connections_difficulty_history.csv
2025-03-16 11:21:31,889 - ERROR - Could not parse date '' in any known format. Skipping row.
2025-03-16 11:21:31,889 - ERROR - Could not parse date '' in any known format. Skipping row.
2025-03-16 11:21:31,890 - INFO - Updated history JSON file with 195 puzzles
2025-03-16 11:21:31,890 - INFO - Successfully collected score for 2025-03-16: 2.0/5
2025-03-17 08:29:21,369 - INFO - Running daily data collection
2025-03-17 08:29:21,369 - INFO - Attempting to collect score for 2025-03-17 (Puzzle #646) from https://www.nytimes.com/2025/03/17/crosswords/connections-companion-646.html
2025-03-17 08:29:21,369 - INFO - Requesting URL: https://www.nytimes.com/2025/03/17/crosswords/connections-companion-646.html
2025-03-17 08:29:21,870 - ERROR - Error scraping https://www.nytimes.com/2025/03/17/crosswords/connections-companion-646.html: 404 Client Error: Not Found for url: https://www.nytimes.com/2025/03/17/crosswords/connections-companion-646.html
2025-03-17 08:29:21,870 - ERROR - Failed to collect score for 2025-03-17
2025-03-17 23:53:21,846 - INFO - Running daily data collection
2025-03-17 23:53:21,846 - INFO - Attempting to collect score for 2025-03-17 (Puzzle #646) from https://www.nytimes.com/2025/03/17/crosswords/connections-companion-646.html
2025-03-17 23:53:21,846 - INFO - Requesting URL: https://www.nytimes.com/2025/03/17/crosswords/connections-companion-646.html
2025-03-17 23:53:21,950 - INFO - Found difficulty in strong tag: Today’s difficulty is 3 out of 5.
2025-03-17 23:53:21,957 - INFO - Saved score for 2025-03-17 (Puzzle #646) to /home/runner/work/connections_difficulty_scraper/connections_difficulty_scraper/data/connections_difficulty_daily.csv
2025-03-17 23:53:21,957 - INFO - Updated latest JSON file with data for 2025-03-17
2025-03-17 23:53:21,961 - ERROR - Could not parse date '' in any known format. Skipping row.
2025-03-17 23:53:21,961 - ERROR - Could not parse date '' in any known format. Skipping row.
2025-03-17 23:53:21,962 - INFO - Updated history JSON file with 195 puzzles
2025-03-17 23:53:21,965 - INFO - Saved score for 2025-03-17 (Puzzle #646) to /home/runner/work/connections_difficulty_scraper/connections_difficulty_scraper/data/connections_difficulty_history.csv
2025-03-17 23:53:21,968 - ERROR - Could not parse date '' in any known format. Skipping row.
2025-03-17 23:53:21,968 - ERROR - Could not parse date '' in any known format. Skipping row.
2025-03-17 23:53:21,970 - INFO - Updated history JSON file with 196 puzzles
2025-03-17 23:53:21,970 - INFO - Successfully collected score for 2025-03-17: 3.0/5
